<?xml version="1.0" encoding="UTF-8"?>
<!-- Generated by org.testng.reporters.JUnitReportReporter -->
<testsuite hostname="DESKTOP-QIJE80M" failures="0" tests="1" name="CucumberOptions.TestNGTestRunner" time="19.979" errors="0" timestamp="2022-09-08T16:55:30 IST" skipped="0">
  <testcase classname="CucumberOptions.TestNGTestRunner" name="runScenario" time="19.979"/>
  <system-out/>
</testsuite> <!-- CucumberOptions.TestNGTestRunner -->
