<?xml version="1.0" encoding="UTF-8"?>
<!-- Generated by org.testng.reporters.JUnitReportReporter -->
<testsuite hostname="DESKTOP-QIJE80M" failures="0" tests="6" name="CucumberOptions.TestNGTestRunner" time="214.327" errors="0" timestamp="2022-09-08T16:05:07 IST" skipped="0">
  <testcase classname="CucumberOptions.TestNGTestRunner" name="runScenario" time="37.974"/>
  <system-out/>
  <testcase classname="CucumberOptions.TestNGTestRunner" name="runScenario" time="28.458"/>
  <system-out/>
  <testcase classname="CucumberOptions.TestNGTestRunner" name="runScenario" time="20.345"/>
  <system-out/>
  <testcase classname="CucumberOptions.TestNGTestRunner" name="runScenario" time="41.502"/>
  <system-out/>
  <testcase classname="CucumberOptions.TestNGTestRunner" name="runScenario" time="39.632"/>
  <system-out/>
  <testcase classname="CucumberOptions.TestNGTestRunner" name="runScenario" time="46.416"/>
  <system-out/>
</testsuite> <!-- CucumberOptions.TestNGTestRunner -->
